<?xml version="1.0" encoding="UTF-8"?>
<testsuite xmlns:xsi="http://www.w3.org/2001/XMLSchema-instance" xsi:noNamespaceSchemaLocation="https://maven.apache.org/surefire/maven-surefire-plugin/xsd/surefire-test-report.xsd" name="com.companyname.bank.AppTest" time="0.031" tests="1" errors="0" skipped="0" failures="0">
  <properties>
    <property name="sun.desktop" value="windows"/>
    <property name="awt.toolkit" value="sun.awt.windows.WToolkit"/>
    <property name="java.specification.version" value="11"/>
    <property name="sun.cpu.isalist" value="amd64"/>
    <property name="sun.jnu.encoding" value="Cp1252"/>
    <property name="java.class.path" value="D:\tools\maven\consumerBanking\target\test-classes;D:\tools\maven\consumerBanking\target\classes;C:\Users\srinivasarao.j\.m2\repository\junit\junit\4.11\junit-4.11.jar;C:\Users\srinivasarao.j\.m2\repository\org\hamcrest\hamcrest-core\1.3\hamcrest-core-1.3.jar;"/>
    <property name="java.vm.vendor" value="Oracle Corporation"/>
    <property name="sun.arch.data.model" value="64"/>
    <property name="user.variant" value=""/>
    <property name="java.vendor.url" value="http://java.oracle.com/"/>
    <property name="user.timezone" value="Asia/Calcutta"/>
    <property name="java.vm.specification.version" value="11"/>
    <property name="os.name" value="Windows 10"/>
    <property name="sun.java.launcher" value="SUN_STANDARD"/>
    <property name="user.country" value="IN"/>
    <property name="sun.boot.library.path" value="C:\java\jdk-11.0.2\bin"/>
    <property name="sun.java.command" value="C:\Users\SRINIV~1.J\AppData\Local\Temp\surefire12064888583432850376\surefirebooter232109461468686752.jar C:\Users\srinivasarao.j\AppData\Local\Temp\surefire12064888583432850376 2020-08-14T15-40-00_671-jvmRun1 surefire5703963972242230656tmp surefire_014145621736725176778tmp"/>
    <property name="jdk.debug" value="release"/>
    <property name="surefire.test.class.path" value="D:\tools\maven\consumerBanking\target\test-classes;D:\tools\maven\consumerBanking\target\classes;C:\Users\srinivasarao.j\.m2\repository\junit\junit\4.11\junit-4.11.jar;C:\Users\srinivasarao.j\.m2\repository\org\hamcrest\hamcrest-core\1.3\hamcrest-core-1.3.jar;"/>
    <property name="sun.cpu.endian" value="little"/>
    <property name="user.home" value="C:\Users\srinivasarao.j"/>
    <property name="user.language" value="en"/>
    <property name="java.specification.vendor" value="Oracle Corporation"/>
    <property name="java.version.date" value="2019-01-15"/>
    <property name="java.home" value="C:\java\jdk-11.0.2"/>
    <property name="file.separator" value="\"/>
    <property name="basedir" value="D:\tools\maven\consumerBanking"/>
    <property name="java.vm.compressedOopsMode" value="Zero based"/>
    <property name="line.separator" value="&#10;"/>
    <property name="java.specification.name" value="Java Platform API Specification"/>
    <property name="java.vm.specification.vendor" value="Oracle Corporation"/>
    <property name="java.awt.graphicsenv" value="sun.awt.Win32GraphicsEnvironment"/>
    <property name="surefire.real.class.path" value="C:\Users\SRINIV~1.J\AppData\Local\Temp\surefire12064888583432850376\surefirebooter232109461468686752.jar"/>
    <property name="user.script" value=""/>
    <property name="sun.management.compiler" value="HotSpot 64-Bit Tiered Compilers"/>
    <property name="java.runtime.version" value="11.0.2+9"/>
    <property name="user.name" value="srinivasarao.j"/>
    <property name="path.separator" value=";"/>
    <property name="os.version" value="10.0"/>
    <property name="java.runtime.name" value="OpenJDK Runtime Environment"/>
    <property name="file.encoding" value="Cp1252"/>
    <property name="java.vm.name" value="OpenJDK 64-Bit Server VM"/>
    <property name="java.vendor.version" value="18.9"/>
    <property name="localRepository" value="C:\Users\srinivasarao.j\.m2\repository"/>
    <property name="java.vendor.url.bug" value="http://bugreport.java.com/bugreport/"/>
    <property name="java.io.tmpdir" value="C:\Users\SRINIV~1.J\AppData\Local\Temp\"/>
    <property name="java.version" value="11.0.2"/>
    <property name="user.dir" value="D:\tools\maven\consumerBanking"/>
    <property name="os.arch" value="amd64"/>
    <property name="java.vm.specification.name" value="Java Virtual Machine Specification"/>
    <property name="java.awt.printerjob" value="sun.awt.windows.WPrinterJob"/>
    <property name="sun.os.patch.level" value=""/>
    <property name="java.library.path" value="C:\java\jdk-11.0.2\bin;C:\Windows\Sun\Java\bin;C:\Windows\system32;C:\Windows;;\Windows\System32;C:\java\jdk-11.0.2\bin;C:\Program Files (x86)\IIS\Microsoft Web Deploy V3;C:\Program Files (x86)\Microsoft Visual Studio\2019\Community\MSBuild\Current\Bin;C:\Program Files\Kubernetes\Minikube;D:\gitinstall\bin;D:\tools\maven\bin;D:\tools\sonar-scanner-4.2.0.1873-windows\bin;D:\tools\Python27\Scripts;D:\tools\nodejs;D:\tools\seleniuminstalls\chromedriver_win32;C:\Users\srinivasarao.j\AppData\Roaming\npm;D:\tools\seleniuminstalls\geckodriver;D:\tools\curl-7.70.0-win64-mingw\bin;;D:\tools\apache-ant-1.10.8\bin;D:\tools\PuTTY\;C:\Program Files\Docker\Docker\resources\bin;C:\ProgramData\DockerDesktop\version-bin;&quot;C:\Users\srinivasarao.j\AppData\Local\Microsoft\WindowsApps;D:\tc\apache-tomcat-8.5.35\bin;C:\Program Files\Git\cmd\git.exe;C:\java\jdk-11.0.2\bin;D:\ud\antproj\apache-ant-1.9.14\bin;D:\jnk\tools\hudson.tasks.Maven_MavenInstallation\mavenfortest\bin;&quot;;C:\Program Files\MySQL\MySQL Server 5.1\bin;D:\softwares\groovy-3.0.1\bin;C:\Program Files (x86)\Microsoft Visual Studio\2019\Community\MSBuild\Current\Bin;C:\Program Files (x86)\IIS\Microsoft Web Deploy V3;D:\nodejs\node-v12.16.1-win-x64;C:\Users\srinivasarao.j\AppData\Roaming\npm;."/>
    <property name="java.vendor" value="Oracle Corporation"/>
    <property name="java.vm.info" value="mixed mode"/>
    <property name="java.vm.version" value="11.0.2+9"/>
    <property name="sun.io.unicode.encoding" value="UnicodeLittle"/>
    <property name="java.class.version" value="55.0"/>
  </properties>
  <testcase name="shouldAnswerWithTrue" classname="com.companyname.bank.AppTest" time="0.002"/>
</testsuite>